Step: build-step-credential-initializer:

{"level":"warn","ts":1550865818.4381847,"logger":"fallback-logger","caller":"logging/config.go:65","msg":"Fetch GitHub commit ID from kodata failed: \"ref: refs/heads/test\" is not a valid GitHub commit ID"}
{"level":"info","ts":1550865818.43974,"logger":"fallback-logger","caller":"creds-init/main.go:40","msg":"Credentials initialized."}
Step: build-step-git-source-0:

{"level":"warn","ts":1550865821.1788404,"logger":"fallback-logger","caller":"logging/config.go:65","msg":"Fetch GitHub commit ID from kodata failed: \"ref: refs/heads/test\" is not a valid GitHub commit ID"}
{"level":"info","ts":1550865822.2053952,"logger":"fallback-logger","caller":"git-init/main.go:92","msg":"Successfully cloned \"https://github.com/cb-kubecd/mwm-golang-http.git\" @ \"master\" in path \"/workspace\""}
Step: build-step-jenkins:

Picked up _JAVA_OPTIONS: -Xmx400m
Started
Running in Durability level: PERFORMANCE_OPTIMIZED
  41.760 [id=26]	WARNING	i.f.k.c.i.VersionUsageUtils#alert: The client is using resource type 'customresourcedefinitions' with unstable version 'v1beta1'
[Pipeline] node
Running on Jenkins in /tmp/jenkinsTests.tmp/jenkins5481892145372596877test/workspace/job
[Pipeline] {
[Pipeline] stage
[Pipeline] { (Declarative: Checkout SCM)
[Pipeline] checkout
[Pipeline] }
[Pipeline] // stage
[Pipeline] withCredentials
[Pipeline] {
[Pipeline] withEnv
[Pipeline] {
[Pipeline] stage
[Pipeline] { (CI Build and push snapshot)
Stage "CI Build and push snapshot" skipped due to when conditional
[Pipeline] }
[Pipeline] // stage
[Pipeline] stage
[Pipeline] { (Build Release)
[Pipeline] dir
Running in /home/jenkins/go/src/github.com/cb-kubecd/mwm-golang-http
[Pipeline] {
[Pipeline] git
Cloning the remote Git repository
Cloning repository https://github.com/cb-kubecd/mwm-golang-http.git
 > git init /home/jenkins/go/src/github.com/cb-kubecd/mwm-golang-http # timeout=10
Fetching upstream changes from https://github.com/cb-kubecd/mwm-golang-http.git
 > git --version # timeout=10
 > git fetch --tags --progress https://github.com/cb-kubecd/mwm-golang-http.git +refs/heads/*:refs/remotes/origin/*
 > git config remote.origin.url https://github.com/cb-kubecd/mwm-golang-http.git # timeout=10
 > git config --add remote.origin.fetch +refs/heads/*:refs/remotes/origin/* # timeout=10
 > git config remote.origin.url https://github.com/cb-kubecd/mwm-golang-http.git # timeout=10
Fetching upstream changes from https://github.com/cb-kubecd/mwm-golang-http.git
 > git fetch --tags --progress https://github.com/cb-kubecd/mwm-golang-http.git +refs/heads/*:refs/remotes/origin/*
 > git rev-parse refs/remotes/origin/master^{commit} # timeout=10
 > git rev-parse refs/remotes/origin/origin/master^{commit} # timeout=10
Checking out Revision 0f28e1af1177970680185fbb99c4f48094eab967 (refs/remotes/origin/master)
 > git config core.sparsecheckout # timeout=10
 > git checkout -f 0f28e1af1177970680185fbb99c4f48094eab967
 > git branch -a -v --no-abbrev # timeout=10
 > git checkout -b master 0f28e1af1177970680185fbb99c4f48094eab967
Commit message: "Small update - 23."
First time build. Skipping changelog.
[Pipeline] sh
+ jx-release-version
+ echo 0.0.35
[Pipeline] sh
+ cat VERSION
+ jx step tag --version 0.0.35
error: Have you set up a git credential helper? See https://help.github.com/articles/caching-your-github-password-in-git/
: failed to run 'git push origin v0.0.35' command in directory '', output: 'To https://github.com/cb-kubecd/mwm-golang-http.git
 ! [remote rejected] v0.0.35 -> v0.0.35 (cannot lock ref 'refs/tags/v0.0.35': reference already exists)
error: failed to push some refs to 'https://github.com/cb-kubecd/mwm-golang-http.git''
[Pipeline] }
[Pipeline] // dir
[Pipeline] }
[Pipeline] // stage
[Pipeline] stage
[Pipeline] { (Promote to Environments)
Stage "Promote to Environments" skipped due to earlier failure(s)
[Pipeline] }
[Pipeline] // stage
[Pipeline] }
[Pipeline] // withEnv
[Pipeline] }
[Pipeline] // withCredentials
[Pipeline] }
[Pipeline] // node
[Pipeline] End of Pipeline
